<?xml version="1.0" encoding="UTF-8"?>
<testng-results skipped="0" failed="0" ignored="0" total="2" passed="2">
  <reporter-output>
  </reporter-output>
  <suite name="Default suite" duration-ms="7663" started-at="2020-08-03T16:12:26 PKT" finished-at="2020-08-03T16:12:34 PKT">
    <groups>
    </groups>
    <test name="Default test" duration-ms="7663" started-at="2020-08-03T16:12:26 PKT" finished-at="2020-08-03T16:12:34 PKT">
      <class name="testcases.GETRequestTest">
        <test-method status="PASS" signature="getAPI()[pri:0, instance:testcases.GETRequestTest@76707e36]" name="getAPI" duration-ms="4740" started-at="2020-08-03T16:12:26 PKT" finished-at="2020-08-03T16:12:31 PKT">
          <reporter-output>
          </reporter-output>
        </test-method> <!-- getAPI -->
        <test-method status="PASS" signature="resultAPI()[pri:0, instance:testcases.GETRequestTest@76707e36]" name="resultAPI" duration-ms="2848" started-at="2020-08-03T16:12:31 PKT" finished-at="2020-08-03T16:12:34 PKT">
          <reporter-output>
          </reporter-output>
        </test-method> <!-- resultAPI -->
      </class> <!-- testcases.GETRequestTest -->
    </test> <!-- Default test -->
  </suite> <!-- Default suite -->
</testng-results>
